;  LST file generated by mikroListExporter - v.2.0 
; Date/Time: 7/30/2019 4:47:54 PM
;----------------------------------------------

;Address Opcode 	ASM
0x0000	0xF000EF92  	GOTO        292
0x0004	0x0000      	NOP
0x0006	0x0000      	NOP
0x0008	0xF000EF00  	GOTO        0
0x000C	0x0000      	NOP
0x000E	0x0000      	NOP
0x0010	0x0000      	NOP
0x0012	0x0000      	NOP
0x0014	0x0000      	NOP
0x0016	0x0000      	NOP
0x0018	0xD7F3      	BRA         0
_UART1_Write:
;__Lib_UART_c67d67.c,63 :: 		
;__Lib_UART_c67d67.c,64 :: 		
L_UART1_Write3:
0x001C	0xB2AC      	BTFSC       TXSTA, 1 
0x001E	0xD002      	BRA         L_UART1_Write4
;__Lib_UART_c67d67.c,65 :: 		
0x0020	0x0000      	NOP
0x0022	0xD7FC      	BRA         L_UART1_Write3
L_UART1_Write4:
;__Lib_UART_c67d67.c,66 :: 		
0x0024	0xFFADC027  	MOVFF       FARG_UART1_Write_data_, TXREG
;__Lib_UART_c67d67.c,67 :: 		
L_end_UART1_Write:
0x0028	0x0012      	RETURN      0
; end of _UART1_Write
_Delay_22us:
;__Lib_Delays.c,15 :: 		void Delay_22us() {
;__Lib_Delays.c,16 :: 		Delay_us(22);
0x002A	0x0E1D      	MOVLW       29
0x002C	0x6E0D      	MOVWF       R13, 0
L_Delay_22us1:
0x002E	0x2E0D      	DECFSZ      R13, 1, 0
0x0030	0xD7FE      	BRA         L_Delay_22us1
;__Lib_Delays.c,17 :: 		}
L_end_Delay_22us:
0x0032	0x0012      	RETURN      0
; end of _Delay_22us
_UART1_Write_Text:
;__Lib_UART_c67d67.c,71 :: 		
;__Lib_UART_c67d67.c,72 :: 		
0x0034	0x6A26      	CLRF        UART1_Write_Text_counter_L0 
;__Lib_UART_c67d67.c,74 :: 		
0x0036	0xFFE9C023  	MOVFF       FARG_UART1_Write_Text_uart_text, FSR0L
0x003A	0xFFEAC024  	MOVFF       FARG_UART1_Write_Text_uart_text+1, FSR0H
0x003E	0xF025CFEE  	MOVFF       POSTINC0, UART1_Write_Text_data__L0
;__Lib_UART_c67d67.c,75 :: 		
L_UART1_Write_Text5:
0x0042	0x5025      	MOVF        UART1_Write_Text_data__L0, 0 
0x0044	0x0A00      	XORLW       0
0x0046	0xE00D      	BZ          L_UART1_Write_Text6
;__Lib_UART_c67d67.c,76 :: 		
0x0048	0xF027C025  	MOVFF       UART1_Write_Text_data__L0, FARG_UART1_Write_data_
0x004C	0xDFE7      	RCALL       _UART1_Write
;__Lib_UART_c67d67.c,77 :: 		
0x004E	0x2A26      	INCF        UART1_Write_Text_counter_L0, 1 
;__Lib_UART_c67d67.c,78 :: 		
0x0050	0x5026      	MOVF        UART1_Write_Text_counter_L0, 0 
0x0052	0x2423      	ADDWF       FARG_UART1_Write_Text_uart_text, 0 
0x0054	0x6EE9      	MOVWF       FSR0L 
0x0056	0x0E00      	MOVLW       0
0x0058	0x2024      	ADDWFC      FARG_UART1_Write_Text_uart_text+1, 0 
0x005A	0x6EEA      	MOVWF       FSR0L+1 
0x005C	0xF025CFEE  	MOVFF       POSTINC0, UART1_Write_Text_data__L0
;__Lib_UART_c67d67.c,79 :: 		
0x0060	0xD7F0      	BRA         L_UART1_Write_Text5
L_UART1_Write_Text6:
;__Lib_UART_c67d67.c,80 :: 		
L_end_UART1_Write_Text:
0x0062	0x0012      	RETURN      0
; end of _UART1_Write_Text
_ADC_Get_Sample:
;__Lib_ADC_K22_B.c,52 :: 		
;__Lib_ADC_K22_B.c,55 :: 		
0x0064	0x0E83      	MOVLW       131
0x0066	0x16C2      	ANDWF       ADCON0, 1 
;__Lib_ADC_K22_B.c,57 :: 		
0x0068	0xF000C023  	MOVFF       FARG_ADC_Get_Sample_channel, R0
0x006C	0x3600      	RLCF        R0, 1 
0x006E	0x9000      	BCF         R0, 0 
0x0070	0x3600      	RLCF        R0, 1 
0x0072	0x9000      	BCF         R0, 0 
0x0074	0x5000      	MOVF        R0, 0 
0x0076	0x12C2      	IORWF       ADCON0, 1 
;__Lib_ADC_K22_B.c,59 :: 		
0x0078	0xDFD8      	RCALL       _Delay_22us
;__Lib_ADC_K22_B.c,60 :: 		
0x007A	0x82C2      	BSF         ADCON0, 1 
;__Lib_ADC_K22_B.c,61 :: 		
L_ADC_Get_Sample4:
0x007C	0xA2C2      	BTFSS       ADCON0, 1 
0x007E	0xD001      	BRA         L_ADC_Get_Sample5
;__Lib_ADC_K22_B.c,62 :: 		
0x0080	0xD7FD      	BRA         L_ADC_Get_Sample4
L_ADC_Get_Sample5:
;__Lib_ADC_K22_B.c,63 :: 		
0x0082	0xF001CFC4  	MOVFF       ADRESH, R1
0x0086	0x6A00      	CLRF        R0 
0x0088	0xF024C000  	MOVFF       R0, ADC_Get_Sample_rslt_L0
0x008C	0xF025C001  	MOVFF       R1, ADC_Get_Sample_rslt_L0+1
;__Lib_ADC_K22_B.c,64 :: 		
0x0090	0x50C3      	MOVF        ADRESL, 0 
0x0092	0x1200      	IORWF       R0, 1 
0x0094	0x0E00      	MOVLW       0
0x0096	0x1201      	IORWF       R1, 1 
0x0098	0xF024C000  	MOVFF       R0, ADC_Get_Sample_rslt_L0
0x009C	0xF025C001  	MOVFF       R1, ADC_Get_Sample_rslt_L0+1
;__Lib_ADC_K22_B.c,65 :: 		
0x00A0	0x0E00      	MOVLW       0
0x00A2	0x1400      	ANDWF       R0, 0 
0x00A4	0x6E02      	MOVWF       R2 
0x00A6	0x5001      	MOVF        R1, 0 
0x00A8	0x0B80      	ANDLW       128
0x00AA	0x6E03      	MOVWF       R3 
0x00AC	0x0E00      	MOVLW       0
0x00AE	0x1803      	XORWF       R3, 0 
0x00B0	0xE102      	BNZ         L__ADC_Get_Sample13
0x00B2	0x0E00      	MOVLW       0
0x00B4	0x1802      	XORWF       R2, 0 
L__ADC_Get_Sample13:
0x00B6	0xE002      	BZ          L_ADC_Get_Sample6
;__Lib_ADC_K22_B.c,66 :: 		
0x00B8	0x6A24      	CLRF        ADC_Get_Sample_rslt_L0 
0x00BA	0x6A25      	CLRF        ADC_Get_Sample_rslt_L0+1 
L_ADC_Get_Sample6:
;__Lib_ADC_K22_B.c,67 :: 		
0x00BC	0xF000C024  	MOVFF       ADC_Get_Sample_rslt_L0, R0
0x00C0	0xF001C025  	MOVFF       ADC_Get_Sample_rslt_L0+1, R1
;__Lib_ADC_K22_B.c,68 :: 		
L_end_ADC_Get_Sample:
0x00C4	0x0012      	RETURN      0
; end of _ADC_Get_Sample
___CC2DW:
;__Lib_System.c,21 :: 		
;__Lib_System.c,23 :: 		
_CC2DL_Loop1:
;__Lib_System.c,24 :: 		
0x00C6	0x0009      	TBLRD*+
;__Lib_System.c,25 :: 		
0x00C8	0xFFE6CFF5  	MOVFF       TABLAT, POSTINC1
;__Lib_System.c,26 :: 		
0x00CC	0x0600      	DECF        R0, 1, 0
;__Lib_System.c,27 :: 		
0x00CE	0xE1FB      	BNZ         _CC2DL_Loop1
;__Lib_System.c,28 :: 		
0x00D0	0x0601      	DECF        R1, 1, 0
;__Lib_System.c,29 :: 		
0x00D2	0xE1F9      	BNZ         _CC2DL_Loop1
;__Lib_System.c,31 :: 		
L_end___CC2DW:
0x00D4	0x0012      	RETURN      0
; end of ___CC2DW
_ADC_Init_Advanced:
;__Lib_ADC_K22_B.c,33 :: 		
;__Lib_ADC_K22_B.c,34 :: 		
0x00D6	0x0E64      	MOVLW       _ADC_Get_Sample
0x00D8	0x6E1D      	MOVWF       _ADC_Get_Sample_Ptr 
0x00DA	0x0E00      	MOVLW       hi_addr(_ADC_Get_Sample)
0x00DC	0x6E1E      	MOVWF       _ADC_Get_Sample_Ptr+1 
0x00DE	0x0E23      	MOVLW       FARG_ADC_Get_Sample_channel
0x00E0	0x6E1F      	MOVWF       _ADC_Get_Sample_Ptr+2 
0x00E2	0x0E00      	MOVLW       hi_addr(FARG_ADC_Get_Sample_channel)
0x00E4	0x6E20      	MOVWF       _ADC_Get_Sample_Ptr+3 
;__Lib_ADC_K22_B.c,36 :: 		
0x00E6	0x6AC2      	CLRF        ADCON0 
;__Lib_ADC_K22_B.c,37 :: 		
0x00E8	0x5016      	MOVF        _mult_mask, 0 
0x00EA	0x1423      	ANDWF       FARG_ADC_Init_Advanced_reference, 0 
0x00EC	0x6E00      	MOVWF       R0 
0x00EE	0xE00A      	BZ          L_ADC_Init_Advanced0
;__Lib_ADC_K22_B.c,38 :: 		
0x00F0	0x5016      	MOVF        _mult_mask, 0 
0x00F2	0x1423      	ANDWF       FARG_ADC_Init_Advanced_reference, 0 
0x00F4	0x010F      	MOVLB       15
0x00F6	0x6F42      	MOVWF       VREFCON0, 1
;__Lib_ADC_K22_B.c,39 :: 		
0x00F8	0x8F42      	BSF         VREFCON0, 7, 1
;__Lib_ADC_K22_B.c,40 :: 		
L_ADC_Init_Advanced1:
0x00FA	0xBD42      	BTFSC       VREFCON0, 6, 1
0x00FC	0xD002      	BRA         L_ADC_Init_Advanced2
;__Lib_ADC_K22_B.c,41 :: 		
0x00FE	0x0000      	NOP
0x0100	0xD7FC      	BRA         L_ADC_Init_Advanced1
L_ADC_Init_Advanced2:
;__Lib_ADC_K22_B.c,42 :: 		
0x0102	0xD002      	BRA         L_ADC_Init_Advanced3
L_ADC_Init_Advanced0:
0x0104	0x010F      	MOVLB       15
;__Lib_ADC_K22_B.c,44 :: 		
0x0106	0x6B42      	CLRF        VREFCON0, 1
L_ADC_Init_Advanced3:
;__Lib_ADC_K22_B.c,45 :: 		
0x0108	0x1C15      	COMF        _vref_mask, 0 
0x010A	0x6E00      	MOVWF       R0 
0x010C	0x5000      	MOVF        R0, 0 
0x010E	0x16C1      	ANDWF       ADCON1, 1 
;__Lib_ADC_K22_B.c,46 :: 		
0x0110	0x5015      	MOVF        _vref_mask, 0 
0x0112	0x1423      	ANDWF       FARG_ADC_Init_Advanced_reference, 0 
0x0114	0x6E00      	MOVWF       R0 
0x0116	0x5000      	MOVF        R0, 0 
0x0118	0x12C1      	IORWF       ADCON1, 1 
;__Lib_ADC_K22_B.c,47 :: 		
0x011A	0x0E0F      	MOVLW       15
0x011C	0x12C0      	IORWF       ADCON2, 1 
;__Lib_ADC_K22_B.c,48 :: 		
0x011E	0x8EC0      	BSF         ADCON2, 7 
;__Lib_ADC_K22_B.c,49 :: 		
0x0120	0x80C2      	BSF         ADCON0, 0 
;__Lib_ADC_K22_B.c,50 :: 		
L_end_ADC_Init_Advanced:
0x0122	0x0012      	RETURN      0
; end of _ADC_Init_Advanced
_main:
0x0124	0xF000ECCF  	CALL        414, 0
;USART_test.c,16 :: 		void main() {
;USART_test.c,18 :: 		OSCCON = 0b01110000;  // bit7: device enters SLEEP on sleep instruction[0]
0x0128	0x0E70      	MOVLW       112
0x012A	0x6ED3      	MOVWF       OSCCON 
;USART_test.c,24 :: 		OSCTUNE = 0b00000000; // bit7:  device clock derived from the MFINTOSC or HFINTOSC source
0x012C	0x6A9B      	CLRF        OSCTUNE 
;USART_test.c,29 :: 		ANSELC = 0;         // configure all PORTC pins as digital
0x012E	0x010F      	MOVLB       15
0x0130	0x6B3A      	CLRF        ANSELC, 1
;USART_test.c,30 :: 		ANSELD = 0;         // configure all PORTD pins as digital
0x0132	0x6B3B      	CLRF        ANSELD, 1
;USART_test.c,33 :: 		ADC_Init_Advanced(_ADC_INTERNAL_VREFL | _ADC_INTERNAL_FVRH4);
0x0134	0x0E38      	MOVLW       56
0x0136	0x6E23      	MOVWF       FARG_ADC_Init_Advanced_reference 
0x0138	0xDFCE      	RCALL       _ADC_Init_Advanced
;USART_test.c,130 :: 		while(1){
L_main0:
;USART_test.c,133 :: 		Kelvin = ADC_Get_Sample(0);
0x013A	0x6A23      	CLRF        FARG_ADC_Get_Sample_channel 
0x013C	0xDF93      	RCALL       _ADC_Get_Sample
0x013E	0xF021C000  	MOVFF       R0, main_Kelvin_L1
0x0142	0xF022C001  	MOVFF       R1, main_Kelvin_L1+1
;USART_test.c,134 :: 		delay_ms(1000);
0x0146	0x0E15      	MOVLW       21
0x0148	0x6E0B      	MOVWF       R11, 0
0x014A	0x0E4B      	MOVLW       75
0x014C	0x6E0C      	MOVWF       R12, 0
0x014E	0x0EBE      	MOVLW       190
0x0150	0x6E0D      	MOVWF       R13, 0
L_main2:
0x0152	0x2E0D      	DECFSZ      R13, 1, 0
0x0154	0xD7FE      	BRA         L_main2
0x0156	0x2E0C      	DECFSZ      R12, 1, 0
0x0158	0xD7FC      	BRA         L_main2
0x015A	0x2E0B      	DECFSZ      R11, 1, 0
0x015C	0xD7FA      	BRA         L_main2
0x015E	0x0000      	NOP
;USART_test.c,135 :: 		UART1_Write_Text("Hello");
0x0160	0x0E17      	MOVLW       ?lstr1_USART_test
0x0162	0x6E23      	MOVWF       FARG_UART1_Write_Text_uart_text 
0x0164	0x0E00      	MOVLW       hi_addr(?lstr1_USART_test)
0x0166	0x6E24      	MOVWF       FARG_UART1_Write_Text_uart_text+1 
0x0168	0xDF65      	RCALL       _UART1_Write_Text
;USART_test.c,136 :: 		Delay_ms(1000);
0x016A	0x0E15      	MOVLW       21
0x016C	0x6E0B      	MOVWF       R11, 0
0x016E	0x0E4B      	MOVLW       75
0x0170	0x6E0C      	MOVWF       R12, 0
0x0172	0x0EBE      	MOVLW       190
0x0174	0x6E0D      	MOVWF       R13, 0
L_main3:
0x0176	0x2E0D      	DECFSZ      R13, 1, 0
0x0178	0xD7FE      	BRA         L_main3
0x017A	0x2E0C      	DECFSZ      R12, 1, 0
0x017C	0xD7FC      	BRA         L_main3
0x017E	0x2E0B      	DECFSZ      R11, 1, 0
0x0180	0xD7FA      	BRA         L_main3
0x0182	0x0000      	NOP
;USART_test.c,138 :: 		UART1_Write(Kelvin);
0x0184	0xF027C021  	MOVFF       main_Kelvin_L1, FARG_UART1_Write_data_
0x0188	0xDF49      	RCALL       _UART1_Write
;USART_test.c,139 :: 		}
0x018A	0xD7D7      	BRA         L_main0
;USART_test.c,140 :: 		}
L_end_main:
0x018C	0xD7FF      	BRA         $+0
; end of _main
0x019E	0xF015EE10  	LFSR        1, 21
0x01A2	0x0E08      	MOVLW       8
0x01A4	0x6E00      	MOVWF       R0 
0x01A6	0x0E01      	MOVLW       1
0x01A8	0x6E01      	MOVWF       R1 
0x01AA	0x0E8E      	MOVLW       142
0x01AC	0x6EF6      	MOVWF       TBLPTR 
0x01AE	0x0E01      	MOVLW       1
0x01B0	0x6EF7      	MOVWF       TBLPTRH 
0x01B2	0x0E00      	MOVLW       0
0x01B4	0x6EF8      	MOVWF       TBLPTRU 
0x01B6	0xF000EC63  	CALL        198, 0
0x01BA	0x0012      	RETURN      0
;__Lib_ADC_K22_B.c,0 :: ?ICS_vref_mask
0x018E	0x0F ;?ICS_vref_mask+0
; end of ?ICS_vref_mask
;__Lib_ADC_K22_B.c,0 :: ?ICS_mult_mask
0x018F	0x30 ;?ICS_mult_mask+0
; end of ?ICS_mult_mask
;USART_test.c,0 :: ?ICS?lstr1_USART_test
0x0190	0x6548 ;?ICS?lstr1_USART_test+0
0x0192	0x6C6C ;?ICS?lstr1_USART_test+2
0x0194	0x006F ;?ICS?lstr1_USART_test+4
; end of ?ICS?lstr1_USART_test
;__Lib_FAT32.c,0 :: ?lstr_6___Lib_FAT32
0x0196	0x2E33 ;?lstr_6___Lib_FAT32+0
0x0198	0x2E32 ;?lstr_6___Lib_FAT32+2
0x019A	0x2E32 ;?lstr_6___Lib_FAT32+4
0x019C	0x0030 ;?lstr_6___Lib_FAT32+6
; end of ?lstr_6___Lib_FAT32
Symbol List:
//** Routines locations **
//ADDRESS    SIZE    PROCEDURE
//----------------------------------------------
0x001C      [14]    _UART1_Write
0x002A      [10]    _Delay_22us
0x0034      [48]    _UART1_Write_Text
0x0064      [98]    _ADC_Get_Sample
0x00C6      [16]    ___CC2DW
0x00D6      [78]    _ADC_Init_Advanced
0x0124     [106]    _main
//** Variables locations ** 
//ADDRESS    SIZE    VARIABLE
//----------------------------------------------
0x0000       [1]    UART2_Init_tmp_L0
0x0000       [1]    SPI1_Write_tmp_L0
0x0000       [1]    SPI2_Write_tmp_L0
0x0000       [1]    UART1_Init_tmp_L0
0x0000       [1]    R0
0x0001       [1]    UART1_Read___tmp_UART1_Read_L0
0x0001       [1]    R1
0x0001       [1]    UART2_Read___tmp_UART2_Read_L0
0x0002       [1]    R2
0x0002       [2]    __Lib_FAT32_constToVar_tmp_L0
0x0002       [1]    __Lib_FAT32_alt_isLfnSpecific_i_L0
0x0002       [2]    __Lib_FAT32_alt_memcpy_dd_L0
0x0002       [2]    __Lib_FAT32_alt_strlen_cp_L0
0x0002       [1]    __Lib_FAT32_alt_isName83Specific_i_L0
0x0002       [2]    __Lib_FAT32_alt_memset_pp_L0
0x0003       [1]    R3
0x0003       [2]    __Lib_FAT32_UI16_result_L0
0x0004       [1]    __Lib_FAT32_LE_calculateChecksum_chksum_L0
0x0004       [1]    R4
0x0004       [2]    __Lib_FAT32_alt_memcpy_ss_L0
0x0005       [1]    __Lib_FAT32_PO2_po2_L0
0x0005       [1]    __Lib_FAT32_LE_calculateChecksum_i_L0
0x0005       [1]    R5
0x0006       [4]    __Lib_FAT32_PO2_i_L0
0x0006       [1]    R6
0x0007       [1]    R7
0x0008       [1]    R8
0x0009       [1]    R9
0x0009       [4]    __Lib_FAT32_UI32_result_L0
0x000A       [1]    R10
0x000B       [1]    R11
0x000C       [1]    R12
0x000D       [1]    R13
0x000E       [1]    R14
0x000F       [1]    R15
0x0010       [1]    R16
0x0011       [1]    R17
0x0012       [1]    R18
0x0013       [1]    R19
0x0014       [1]    R20
0x0015       [1]    _vref_mask
0x0016       [1]    _mult_mask
0x0017       [6]    ?lstr1_USART_test
0x001D       [4]    _ADC_Get_Sample_Ptr
0x0021       [2]    main_Kelvin_L1
0x0023       [1]    FARG_ADC_Init_Advanced_reference
0x0023       [2]    FARG_UART1_Write_Text_uart_text
0x0023       [1]    FARG_ADC_Get_Sample_channel
0x0024       [2]    ADC_Get_Sample_rslt_L0
0x0025       [1]    UART1_Write_Text_data__L0
0x0026       [1]    UART1_Write_Text_counter_L0
0x0027       [1]    FARG_UART1_Write_data_
0x0F3A       [1]    ANSELC
0x0F3B       [1]    ANSELD
0x0F42       [1]    VREFCON0
0x0F83       [0]    RD4_bit
0x0F95       [0]    TRISD4_bit
0x0F9B       [1]    OSCTUNE
0x0FAC       [1]    TXSTA
0x0FAD       [1]    TXREG
0x0FC0       [1]    ADCON2
0x0FC1       [1]    ADCON1
0x0FC2       [1]    ADCON0
0x0FC3       [1]    ADRESL
0x0FC4       [1]    ADRESH
0x0FD3       [1]    OSCCON
0x0FD8       [1]    STATUS
0x0FD9       [1]    FSR2L
0x0FDA       [1]    FSR2H
0x0FDE       [1]    POSTINC2
0x0FE0       [1]    BSR
0x0FE1       [1]    FSR1L
0x0FE2       [1]    FSR1H
0x0FE4       [1]    PREINC1
0x0FE6       [1]    POSTINC1
0x0FE7       [1]    INDF1
0x0FE8       [1]    WREG
0x0FE9       [1]    FSR0L
0x0FEA       [1]    FSR0H
0x0FEE       [1]    POSTINC0
0x0FF3       [1]    PRODL
0x0FF4       [1]    PRODH
0x0FF5       [1]    TABLAT
0x0FF6       [1]    TBLPTRL
0x0FF6       [3]    TBLPTR
0x0FF7       [1]    TBLPTRH
0x0FF8       [1]    TBLPTRU
//** Constants locations ** 
//ADDRESS    SIZE    CONSTANT
//----------------------------------------------
0x018E       [1]    ?ICS_vref_mask
0x018F       [1]    ?ICS_mult_mask
0x0190       [6]    ?ICS?lstr1_USART_test
0x0196       [8]    ?lstr_6___Lib_FAT32
